1601803207407	geckodriver	INFO	Listening on 127.0.0.1:58917
1601803208425	mozrunner::runner	INFO	Running command: "/Applications/Firefox.app/Contents/MacOS/firefox-bin" "--marionette" "-foreground" "-no-remote" "-profile" "/var/folders/fg/311wcjnn2nqd9nv4s7zzt5d40000gn/T/rust_mozprofileQsRLFD"
console.error: SearchCache: "_readCacheFile: Error reading cache file:" (new Error("", "(unknown module)"))
1601803212558	Marionette	INFO	Listening on port 58929
1601803212573	Marionette	WARN	TLS certificate errors will be ignored for this session
1601803222206	Marionette	INFO	Stopped listening on port 58929
1601803292611	geckodriver	INFO	Listening on 127.0.0.1:59035
1601803292623	mozrunner::runner	INFO	Running command: "/Applications/Firefox.app/Contents/MacOS/firefox-bin" "--marionette" "-foreground" "-no-remote" "-profile" "/var/folders/fg/311wcjnn2nqd9nv4s7zzt5d40000gn/T/rust_mozprofileFSvaL8"
console.error: SearchCache: "_readCacheFile: Error reading cache file:" (new Error("", "(unknown module)"))
1601803295540	Marionette	INFO	Listening on port 59044
1601803295708	Marionette	WARN	TLS certificate errors will be ignored for this session
1601803304183	Marionette	INFO	Stopped listening on port 59044
1601804114172	geckodriver	INFO	Listening on 127.0.0.1:59209
1601804114189	mozrunner::runner	INFO	Running command: "/Applications/Firefox.app/Contents/MacOS/firefox-bin" "--marionette" "-foreground" "-no-remote" "-profile" "/var/folders/fg/311wcjnn2nqd9nv4s7zzt5d40000gn/T/rust_mozprofilev2aDlU"
console.error: SearchCache: "_readCacheFile: Error reading cache file:" (new Error("", "(unknown module)"))
1601804117412	Marionette	INFO	Listening on port 59218
1601804117512	Marionette	WARN	TLS certificate errors will be ignored for this session
1601804126135	Marionette	INFO	Stopped listening on port 59218
1601804146250	geckodriver	INFO	Listening on 127.0.0.1:59304
1601804146262	mozrunner::runner	INFO	Running command: "/Applications/Firefox.app/Contents/MacOS/firefox-bin" "--marionette" "-foreground" "-no-remote" "-profile" "/var/folders/fg/311wcjnn2nqd9nv4s7zzt5d40000gn/T/rust_mozprofileBU8vnl"
console.error: SearchCache: "_readCacheFile: Error reading cache file:" (new Error("", "(unknown module)"))
1601804149204	Marionette	INFO	Listening on port 59313
1601804149310	Marionette	WARN	TLS certificate errors will be ignored for this session
1601804160468	Marionette	INFO	Stopped listening on port 59313
1601804688976	geckodriver	INFO	Listening on 127.0.0.1:59435
1601804688987	mozrunner::runner	INFO	Running command: "/Applications/Firefox.app/Contents/MacOS/firefox-bin" "--marionette" "-foreground" "-no-remote" "-profile" "/var/folders/fg/311wcjnn2nqd9nv4s7zzt5d40000gn/T/rust_mozprofileN6wOMu"
console.error: SearchCache: "_readCacheFile: Error reading cache file:" (new Error("", "(unknown module)"))
1601804692059	Marionette	INFO	Listening on port 59444
1601804692136	Marionette	WARN	TLS certificate errors will be ignored for this session
1601804702585	Marionette	INFO	Stopped listening on port 59444
1601804732968	geckodriver	INFO	Listening on 127.0.0.1:59527
1601804732977	mozrunner::runner	INFO	Running command: "/Applications/Firefox.app/Contents/MacOS/firefox-bin" "--marionette" "-foreground" "-no-remote" "-profile" "/var/folders/fg/311wcjnn2nqd9nv4s7zzt5d40000gn/T/rust_mozprofileNO18NE"
console.error: SearchCache: "_readCacheFile: Error reading cache file:" (new Error("", "(unknown module)"))
1601804735850	Marionette	INFO	Listening on port 59536
1601804735934	Marionette	WARN	TLS certificate errors will be ignored for this session
1601804749541	Marionette	INFO	Stopped listening on port 59536
1601805518580	geckodriver	INFO	Listening on 127.0.0.1:59692
1601805519597	mozrunner::runner	INFO	Running command: "/Applications/Firefox.app/Contents/MacOS/firefox-bin" "--marionette" "-foreground" "-no-remote" "-profile" "/var/folders/fg/311wcjnn2nqd9nv4s7zzt5d40000gn/T/rust_mozprofiles1G5jA"
console.error: SearchCache: "_readCacheFile: Error reading cache file:" (new Error("", "(unknown module)"))
1601805523136	Marionette	INFO	Listening on port 59703
1601805523229	Marionette	WARN	TLS certificate errors will be ignored for this session
1601805543295	geckodriver	INFO	Listening on 127.0.0.1:59766
1601805543304	mozrunner::runner	INFO	Running command: "/Applications/Firefox.app/Contents/MacOS/firefox-bin" "--marionette" "-foreground" "-no-remote" "-profile" "/var/folders/fg/311wcjnn2nqd9nv4s7zzt5d40000gn/T/rust_mozprofileiGlyOl"
console.error: SearchCache: "_readCacheFile: Error reading cache file:" (new Error("", "(unknown module)"))
1601805546257	Marionette	INFO	Listening on port 59775
1601805546327	Marionette	WARN	TLS certificate errors will be ignored for this session
1601805596622	geckodriver	INFO	Listening on 127.0.0.1:59840
1601805596632	mozrunner::runner	INFO	Running command: "/Applications/Firefox.app/Contents/MacOS/firefox-bin" "--marionette" "-foreground" "-no-remote" "-profile" "/var/folders/fg/311wcjnn2nqd9nv4s7zzt5d40000gn/T/rust_mozprofileVqaYRY"
console.error: SearchCache: "_readCacheFile: Error reading cache file:" (new Error("", "(unknown module)"))
1601805599689	Marionette	INFO	Listening on port 59849
1601805599765	Marionette	WARN	TLS certificate errors will be ignored for this session
1601805717490	geckodriver	INFO	Listening on 127.0.0.1:59920
1601805718509	mozrunner::runner	INFO	Running command: "/Applications/Firefox.app/Contents/MacOS/firefox-bin" "--marionette" "-foreground" "-no-remote" "-profile" "/var/folders/fg/311wcjnn2nqd9nv4s7zzt5d40000gn/T/rust_mozprofile9JLrUi"
console.error: SearchCache: "_readCacheFile: Error reading cache file:" (new Error("", "(unknown module)"))
1601805721691	Marionette	INFO	Listening on port 59931
1601805721788	Marionette	WARN	TLS certificate errors will be ignored for this session
1601805727701	Marionette	INFO	Stopped listening on port 59931
1601805913159	geckodriver	INFO	Listening on 127.0.0.1:60013
1601805913170	mozrunner::runner	INFO	Running command: "/Applications/Firefox.app/Contents/MacOS/firefox-bin" "--marionette" "-foreground" "-no-remote" "-profile" "/var/folders/fg/311wcjnn2nqd9nv4s7zzt5d40000gn/T/rust_mozprofileeWb1ZF"
console.error: SearchCache: "_readCacheFile: Error reading cache file:" (new Error("", "(unknown module)"))
1601805916526	Marionette	INFO	Listening on port 60022
1601805916575	Marionette	WARN	TLS certificate errors will be ignored for this session
1601805922433	Marionette	INFO	Stopped listening on port 60022
1601806658284	geckodriver	INFO	Listening on 127.0.0.1:60169
1601806659304	mozrunner::runner	INFO	Running command: "/Applications/Firefox.app/Contents/MacOS/firefox-bin" "--marionette" "-foreground" "-no-remote" "-profile" "/var/folders/fg/311wcjnn2nqd9nv4s7zzt5d40000gn/T/rust_mozprofiletUWBL0"
console.error: SearchCache: "_readCacheFile: Error reading cache file:" (new Error("", "(unknown module)"))
1601806662614	Marionette	INFO	Listening on port 60181
1601806662717	Marionette	WARN	TLS certificate errors will be ignored for this session
1601806750571	geckodriver	INFO	Listening on 127.0.0.1:60252
1601806751588	mozrunner::runner	INFO	Running command: "/Applications/Firefox.app/Contents/MacOS/firefox-bin" "--marionette" "-foreground" "-no-remote" "-profile" "/var/folders/fg/311wcjnn2nqd9nv4s7zzt5d40000gn/T/rust_mozprofiler40BXS"
console.error: SearchCache: "_readCacheFile: Error reading cache file:" (new Error("", "(unknown module)"))
1601806756421	Marionette	INFO	Listening on port 60263
1601806756487	Marionette	WARN	TLS certificate errors will be ignored for this session
1601806762251	Marionette	INFO	Stopped listening on port 60263
1601806825834	geckodriver	INFO	Listening on 127.0.0.1:60344
1601806826850	mozrunner::runner	INFO	Running command: "/Applications/Firefox.app/Contents/MacOS/firefox-bin" "--marionette" "-foreground" "-no-remote" "-profile" "/var/folders/fg/311wcjnn2nqd9nv4s7zzt5d40000gn/T/rust_mozprofileJRl97N"
console.error: SearchCache: "_readCacheFile: Error reading cache file:" (new Error("", "(unknown module)"))
1601806830102	Marionette	INFO	Listening on port 60355
1601806830179	Marionette	WARN	TLS certificate errors will be ignored for this session
1601806848295	Marionette	INFO	Stopped listening on port 59703
1601806849821	Marionette	INFO	Stopped listening on port 59775
1601806851366	Marionette	INFO	Stopped listening on port 59849
1601806853272	Marionette	INFO	Stopped listening on port 60181
1601806855193	Marionette	INFO	Stopped listening on port 60355
1601806865837	geckodriver	INFO	Listening on 127.0.0.1:60418
1601806865848	mozrunner::runner	INFO	Running command: "/Applications/Firefox.app/Contents/MacOS/firefox-bin" "--marionette" "-foreground" "-no-remote" "-profile" "/var/folders/fg/311wcjnn2nqd9nv4s7zzt5d40000gn/T/rust_mozprofile25ZWUf"
console.error: SearchCache: "_readCacheFile: Error reading cache file:" (new Error("", "(unknown module)"))
1601806869026	Marionette	INFO	Listening on port 60427
1601806869050	Marionette	WARN	TLS certificate errors will be ignored for this session
1601806875352	Marionette	INFO	Stopped listening on port 60427
1601913178013	geckodriver	INFO	Listening on 127.0.0.1:58840
1601913179035	mozrunner::runner	INFO	Running command: "/Applications/Firefox.app/Contents/MacOS/firefox-bin" "--marionette" "-foreground" "-no-remote" "-profile" "/var/folders/fg/311wcjnn2nqd9nv4s7zzt5d40000gn/T/rust_mozprofileNiGVvi"
console.error: SearchCache: "_readCacheFile: Error reading cache file:" (new Error("", "(unknown module)"))
1601913182677	Marionette	INFO	Listening on port 58856
1601913182686	Marionette	WARN	TLS certificate errors will be ignored for this session
JavaScript warning: https://d235vmrai5heq2.cloudfront.net/js/default/review.js, line 32: unreachable code after return statement
JavaScript warning: https://d235vmrai5heq2.cloudfront.net/js/default/review.js, line 32: unreachable code after return statement
1601913199793	Marionette	INFO	Stopped listening on port 58856
1601913200348	geckodriver	INFO	Listening on 127.0.0.1:59035
1601913201355	mozrunner::runner	INFO	Running command: "/Applications/Firefox.app/Contents/MacOS/firefox-bin" "--marionette" "-foreground" "-no-remote" "-profile" "/var/folders/fg/311wcjnn2nqd9nv4s7zzt5d40000gn/T/rust_mozprofileIj90Td"
console.error: SearchCache: "_readCacheFile: Error reading cache file:" (new Error("", "(unknown module)"))
1601913204923	Marionette	INFO	Listening on port 59050
1601913204977	Marionette	WARN	TLS certificate errors will be ignored for this session
1601913209761	Marionette	INFO	Stopped listening on port 59050
1601913404617	geckodriver	INFO	Listening on 127.0.0.1:59940
1601913404629	mozrunner::runner	INFO	Running command: "/Applications/Firefox.app/Contents/MacOS/firefox-bin" "--marionette" "-foreground" "-no-remote" "-profile" "/var/folders/fg/311wcjnn2nqd9nv4s7zzt5d40000gn/T/rust_mozprofilep4IV44"
console.error: SearchCache: "_readCacheFile: Error reading cache file:" (new Error("", "(unknown module)"))
1601913407878	Marionette	INFO	Listening on port 59949
1601913407954	Marionette	WARN	TLS certificate errors will be ignored for this session
1601913412054	Marionette	INFO	Stopped listening on port 59949
1601913556600	geckodriver	INFO	Listening on 127.0.0.1:60634
1601913556611	mozrunner::runner	INFO	Running command: "/Applications/Firefox.app/Contents/MacOS/firefox-bin" "--marionette" "-foreground" "-no-remote" "-profile" "/var/folders/fg/311wcjnn2nqd9nv4s7zzt5d40000gn/T/rust_mozprofiler5hBQA"
console.error: SearchCache: "_readCacheFile: Error reading cache file:" (new Error("", "(unknown module)"))
1601913559703	Marionette	INFO	Listening on port 60643
1601913559728	Marionette	WARN	TLS certificate errors will be ignored for this session
1601913564154	Marionette	INFO	Stopped listening on port 60643
1601913711503	geckodriver	INFO	Listening on 127.0.0.1:61326
1601913712512	mozrunner::runner	INFO	Running command: "/Applications/Firefox.app/Contents/MacOS/firefox-bin" "--marionette" "-foreground" "-no-remote" "-profile" "/var/folders/fg/311wcjnn2nqd9nv4s7zzt5d40000gn/T/rust_mozprofilexkatUB"
console.error: SearchCache: "_readCacheFile: Error reading cache file:" (new Error("", "(unknown module)"))
1601913715948	Marionette	INFO	Listening on port 61341
1601913715964	Marionette	WARN	TLS certificate errors will be ignored for this session
1601913719936	Marionette	INFO	Stopped listening on port 61341
1601914041349	geckodriver	INFO	Listening on 127.0.0.1:62741
1601914042360	mozrunner::runner	INFO	Running command: "/Applications/Firefox.app/Contents/MacOS/firefox-bin" "--marionette" "-foreground" "-no-remote" "-profile" "/var/folders/fg/311wcjnn2nqd9nv4s7zzt5d40000gn/T/rust_mozprofilefVOp3q"
console.error: SearchCache: "_readCacheFile: Error reading cache file:" (new Error("", "(unknown module)"))
1601914045661	Marionette	INFO	Listening on port 62756
1601914045743	Marionette	WARN	TLS certificate errors will be ignored for this session
1601914050687	Marionette	INFO	Stopped listening on port 62756
1601914139423	geckodriver	INFO	Listening on 127.0.0.1:63210
1601914139434	mozrunner::runner	INFO	Running command: "/Applications/Firefox.app/Contents/MacOS/firefox-bin" "--marionette" "-foreground" "-no-remote" "-profile" "/var/folders/fg/311wcjnn2nqd9nv4s7zzt5d40000gn/T/rust_mozprofileyCGrzm"
console.error: SearchCache: "_readCacheFile: Error reading cache file:" (new Error("", "(unknown module)"))
1601914142478	Marionette	INFO	Listening on port 63219
1601914142565	Marionette	WARN	TLS certificate errors will be ignored for this session
1601914146654	Marionette	INFO	Stopped listening on port 63219
1601914159997	geckodriver	INFO	Listening on 127.0.0.1:63365
1601914160107	mozrunner::runner	INFO	Running command: "/Applications/Firefox.app/Contents/MacOS/firefox-bin" "--marionette" "-foreground" "-no-remote" "-profile" "/var/folders/fg/311wcjnn2nqd9nv4s7zzt5d40000gn/T/rust_mozprofileuBFQFB"
console.error: SearchCache: "_readCacheFile: Error reading cache file:" (new Error("", "(unknown module)"))
1601914163107	Marionette	INFO	Listening on port 63370
1601914163198	Marionette	WARN	TLS certificate errors will be ignored for this session
1601914169894	Marionette	INFO	Stopped listening on port 63370
1601914580217	geckodriver	INFO	Listening on 127.0.0.1:49212
1601914580228	mozrunner::runner	INFO	Running command: "/Applications/Firefox.app/Contents/MacOS/firefox-bin" "--marionette" "-foreground" "-no-remote" "-profile" "/var/folders/fg/311wcjnn2nqd9nv4s7zzt5d40000gn/T/rust_mozprofile6vK2Wi"
console.error: SearchCache: "_readCacheFile: Error reading cache file:" (new Error("", "(unknown module)"))
1601914583504	Marionette	INFO	Listening on port 49217
1601914583524	Marionette	WARN	TLS certificate errors will be ignored for this session
1601914590580	Marionette	INFO	Stopped listening on port 49217
